<?xml version="1.0" encoding="UTF-8"?>
<!-- Generated by org.testng.reporters.JUnitReportReporter -->
<testsuite skipped="0" hostname="BLLCLAPUS1410" name="com.qa.testscripts.RegistrationTest" tests="1" failures="0" timestamp="2022-02-28T23:49:37 PST" time="6.600" errors="0">
  <testcase name="verifyRegistrationWithExistingUser" time="6.600" classname="com.qa.testscripts.RegistrationTest"/>
  <system-out/>
</testsuite> <!-- com.qa.testscripts.RegistrationTest -->
