<?xml version="1.0" encoding="UTF-8"?>
<!-- Generated by org.testng.reporters.JUnitReportReporter -->
<testsuite hostname="BLLCLAPUS1410" failures="0" tests="1" name="com.qa.AutomationExercise.RegistrationTest" time="9.286" errors="0" timestamp="2022-02-23T22:34:37 PST" skipped="0">
  <testcase classname="com.qa.AutomationExercise.RegistrationTest" name="verifyPageTitle" time="9.286"/>
  <system-out/>
</testsuite> <!-- com.qa.AutomationExercise.RegistrationTest -->
